[26-01-2016 06:13:04] PayPal\Core\PayPalHttpConnection: INFO	: POST https://test-api.sandbox.paypal.com/v1/oauth2/token
[26-01-2016 06:20:09] PayPal\Core\PayPalHttpConnection: INFO	: POST https://test-api.sandbox.paypal.com/v1/oauth2/token
[26-01-2016 06:27:04] PayPal\Core\PayPalHttpConnection: INFO	: POST https://test-api.sandbox.paypal.com/v1/oauth2/token
[26-01-2016 06:30:08] PayPal\Core\PayPalHttpConnection: INFO	: POST https://test-api.sandbox.paypal.com/v1/oauth2/token
[26-01-2016 06:39:23] PayPal\Core\PayPalHttpConnection: INFO	: POST https://test-api.sandbox.paypal.com/v1/oauth2/token
[26-01-2016 06:39:24] PayPal\Core\PayPalHttpConnection: DEBUG	: Request Headers 	: POST /v1/oauth2/token HTTP/1.1, Host: test-api.sandbox.paypal.com, User-Agent: PayPalSDK/PayPal-PHP-SDK 1.6.2 (platform-ver=5.3.10-1ubuntu3.21; bit=64; os=Linux_3.2.0-23-generic; machine=x86_64; crypto-lib-ver=1.0.1; curl=7.39.0), Authorization: Basic QVlTcTNSREdzbUJMSkUtb3RUa0J0TS1qQlJkMVRDUXdGZjlSR2Z3ZGROWFd6MHVGVTl6dHlteWxPaFJTOkVHbkhEeERfcVJQZGFMZFp6OGlDcjhON19NekYtWUhQVGtqczZOS1lRdlFTQm5ncDRQVFRWV2tQWlJiTA==, Accept: */*, Content-Length: 29, Content-Type: application/x-www-form-urlencoded, , 
[26-01-2016 06:39:24] PayPal\Core\PayPalHttpConnection: DEBUG	: Request Data		: grant_type=client_credentials
--------------------------------------------------------------------------------------------------------------------------------

[26-01-2016 06:39:24] PayPal\Core\PayPalHttpConnection: INFO	: Response Status 	: 200
[26-01-2016 06:39:24] PayPal\Core\PayPalHttpConnection: DEBUG	: Response Headers	: HTTP/1.1 200 OK, Date: Tue, 26 Jan 2016 18:39:24 GMT, Server: Apache, PROXY_SERVER_INFO: host=slcsbplatformapiserv3001.slc.paypal.com;threadId=683, Paypal-Debug-Id: 39ad928f21b91, CORRELATION-ID: 39ad928f21b91, X-PAYPAL-TOKEN-SERVICE: IAAS, Content-Length: 550, Paypal-Debug-Id: 39ad928f21b91, Set-Cookie: X-PP-SILOVER=name%3DSANDBOX3.API.1%26silo_version%3D880%26app%3Dplatformapiserv%26TIME%3D1555933014; domain=.paypal.com; path=/; Secure; HttpOnly, Set-Cookie: X-PP-SILOVER=; Expires=Thu, 01 Jan 1970 00:00:01 GMT, Vary: Authorization, Connection: close, Content-Type: application/json, , 
[26-01-2016 06:39:24] PayPal\Core\PayPalHttpConnection: DEBUG	: Response Data 	: {"scope":"https://uri.paypal.com/services/subscriptions https://api.paypal.com/v1/payments/.* https://api.paypal.com/v1/vault/credit-card https://uri.paypal.com/services/applications/webhooks openid https://uri.paypal.com/payments/payouts https://api.paypal.com/v1/vault/credit-card/.*","nonce":"2016-01-26T18:00:24ZwMO45cBwCiOEjokmsrqWtSXoQzB9MD0AU2hP8coYQYY","access_token":"A101.S_JE-JEawgKJ-jAMYScbUYCjlRTo6JhYNcrx0ixpXv8k0vsWXXcf8Vs3w1Cd-PQl.66lbYBQ23jSsLXmuLvxKvoXd3tC","token_type":"Bearer","app_id":"APP-80W284485P519543T","expires_in":30060}

================================================================================================================================

[26-01-2016 06:39:24] PayPal\Core\PayPalHttpConnection: INFO	: POST https://test-api.sandbox.paypal.com/v1/payments/payment
[26-01-2016 06:39:24] PayPal\Core\PayPalHttpConnection: DEBUG	: Request Headers 	: POST /v1/payments/payment HTTP/1.1, Host: test-api.sandbox.paypal.com, Accept: */*, Content-Type: application/json, User-Agent: PayPalSDK/PayPal-PHP-SDK 1.6.2 (platform-ver=5.3.10-1ubuntu3.21; bit=64; os=Linux_3.2.0-23-generic; machine=x86_64; crypto-lib-ver=1.0.1; curl=7.39.0), Authorization: Bearer A101.S_JE-JEawgKJ-jAMYScbUYCjlRTo6JhYNcrx0ixpXv8k0vsWXXcf8Vs3w1Cd-PQl.66lbYBQ23jSsLXmuLvxKvoXd3tC, PayPal-Request-Id: precise6418159145383356363746, Content-Length: 282, , 
[26-01-2016 06:39:24] PayPal\Core\PayPalHttpConnection: DEBUG	: Request Data		: {"intent":"sale","payer":{"payment_method":"paypal"},"redirect_urls":{"return_url":"http://localhost/sample/tls/ExecutePayment.php?success=true","cancel_url":"http://localhost/sample/tls/ExecutePayment.php?success=false"},"transactions":[{"amount":{"currency":"USD","total":"20"}}]}
--------------------------------------------------------------------------------------------------------------------------------

[26-01-2016 06:39:24] PayPal\Core\PayPalHttpConnection: INFO	: Response Status 	: 201
[26-01-2016 06:39:24] PayPal\Core\PayPalHttpConnection: DEBUG	: Response Headers	: HTTP/1.1 201 Created, Date: Tue, 26 Jan 2016 18:39:24 GMT, Server: Apache, PROXY_SERVER_INFO: host=slcsbplatformapiserv3001.slc.paypal.com;threadId=14646, Paypal-Debug-Id: 613aae258e0f6, CORRELATION-ID: 613aae258e0f6, Content-Language: *, Content-Length: 675, Paypal-Debug-Id: 613aae258e0f6, Set-Cookie: X-PP-SILOVER=name%3DSANDBOX3.API.1%26silo_version%3D880%26app%3Dplatformapiserv%26TIME%3D1555933014; domain=.paypal.com; path=/; Secure; HttpOnly, Set-Cookie: X-PP-SILOVER=; Expires=Thu, 01 Jan 1970 00:00:01 GMT, Vary: Authorization, Connection: close, Content-Type: application/json, , 
[26-01-2016 06:39:24] PayPal\Core\PayPalHttpConnection: DEBUG	: Response Data 	: {"id":"PAY-8R059509NE7036450K2T32XA","intent":"sale","state":"created","payer":{"payment_method":"paypal"},"transactions":[{"amount":{"total":"20.00","currency":"USD"},"related_resources":[],"supplementary_data_map":{}}],"create_time":"2016-01-26T18:39:24Z","links":[{"href":"https://test-api.sandbox.paypal.com/v1/payments/payment/PAY-8R059509NE7036450K2T32XA","rel":"self","method":"GET"},{"href":"https://www.sandbox.paypal.com/cgi-bin/webscr?cmd=_express-checkout&token=EC-09X70879DN295531T","rel":"approval_url","method":"REDIRECT"},{"href":"https://test-api.sandbox.paypal.com/v1/payments/payment/PAY-8R059509NE7036450K2T32XA/execute","rel":"execute","method":"POST"}]}

================================================================================================================================

